# JRE version: Java(TM) SE Runtime Environment (8.0_191-b12) (build 1.8.0_191-b12)
# Java VM: Java HotSpot(TM) 64-Bit Server VM (25.191-b12 mixed mode bsd-amd64 compressed oops)
Heap:
 PSYoungGen      total 153088K, used 22635K [0x0000000715580000, 0x0000000720000000, 0x00000007c0000000)
  eden space 131584K, 17% used [0x0000000715580000,0x0000000716b9afa0,0x000000071d600000)
  from space 21504K, 0% used [0x000000071d600000,0x000000071d600000,0x000000071eb00000)
  to   space 21504K, 0% used [0x000000071eb00000,0x000000071eb00000,0x0000000720000000)
 ParOldGen       total 242688K, used 8769K [0x00000005c0000000, 0x00000005ced00000, 0x0000000715580000)
  object space 242688K, 3% used [0x00000005c0000000,0x00000005c0890608,0x00000005ced00000)
 Metaspace       used 21766K, capacity 22542K, committed 22832K, reserved 1069056K
  class space    used 3059K, capacity 3267K, committed 3376K, reserved 1048576K
GC Heap History (4 events):
Event: 2.159 GC heap before
{Heap before GC invocations=1 (full 0):
 PSYoungGen      total 153088K, used 55713K [0x0000000715580000, 0x0000000720000000, 0x00000007c0000000)
  eden space 131584K, 42% used [0x0000000715580000,0x0000000718be86d0,0x000000071d600000)
  from space 21504K, 0% used [0x000000071eb00000,0x000000071eb00000,0x0000000720000000)
  to   space 21504K, 0% used [0x000000071d600000,0x000000071d600000,0x000000071eb00000)
 ParOldGen       total 349696K, used 0K [0x00000005c0000000, 0x00000005d5580000, 0x0000000715580000)
  object space 349696K, 0% used [0x00000005c0000000,0x00000005c0000000,0x00000005d5580000)
 Metaspace       used 20460K, capacity 21196K, committed 21296K, reserved 1067008K
  class space    used 2890K, capacity 3110K, committed 3120K, reserved 1048576K
Event: 2.165 GC heap after
Heap after GC invocations=1 (full 0):
 PSYoungGen      total 153088K, used 11090K [0x0000000715580000, 0x0000000720000000, 0x00000007c0000000)
  eden space 131584K, 0% used [0x0000000715580000,0x0000000715580000,0x000000071d600000)
  from space 21504K, 51% used [0x000000071d600000,0x000000071e0d4b30,0x000000071eb00000)
  to   space 21504K, 0% used [0x000000071eb00000,0x000000071eb00000,0x0000000720000000)
 ParOldGen       total 349696K, used 88K [0x00000005c0000000, 0x00000005d5580000, 0x0000000715580000)
  object space 349696K, 0% used [0x00000005c0000000,0x00000005c0016010,0x00000005d5580000)
 Metaspace       used 20460K, capacity 21196K, committed 21296K, reserved 1067008K
  class space    used 2890K, capacity 3110K, committed 3120K, reserved 1048576K
}
Event: 2.165 GC heap before
{Heap before GC invocations=2 (full 1):
 PSYoungGen      total 153088K, used 11090K [0x0000000715580000, 0x0000000720000000, 0x00000007c0000000)
  eden space 131584K, 0% used [0x0000000715580000,0x0000000715580000,0x000000071d600000)
  from space 21504K, 51% used [0x000000071d600000,0x000000071e0d4b30,0x000000071eb00000)
  to   space 21504K, 0% used [0x000000071eb00000,0x000000071eb00000,0x0000000720000000)
 ParOldGen       total 349696K, used 88K [0x00000005c0000000, 0x00000005d5580000, 0x0000000715580000)
  object space 349696K, 0% used [0x00000005c0000000,0x00000005c0016010,0x00000005d5580000)
 Metaspace       used 20460K, capacity 21196K, committed 21296K, reserved 1067008K
  class space    used 2890K, capacity 3110K, committed 3120K, reserved 1048576K
Event: 2.186 GC heap after
Heap after GC invocations=2 (full 1):
 PSYoungGen      total 153088K, used 0K [0x0000000715580000, 0x0000000720000000, 0x00000007c0000000)
  eden space 131584K, 0% used [0x0000000715580000,0x0000000715580000,0x000000071d600000)
  from space 21504K, 0% used [0x000000071d600000,0x000000071d600000,0x000000071eb00000)
  to   space 21504K, 0% used [0x000000071eb00000,0x000000071eb00000,0x0000000720000000)
 ParOldGen       total 242688K, used 8769K [0x00000005c0000000, 0x00000005ced00000, 0x0000000715580000)
  object space 242688K, 3% used [0x00000005c0000000,0x00000005c0890608,0x00000005ced00000)
 Metaspace       used 20460K, capacity 21196K, committed 21296K, reserved 1067008K
  class space    used 2890K, capacity 3110K, committed 3120K, reserved 1048576K
}

